2016-09-072016-09-072016-09-072016-09-072016-09-0716-10-55
2016-09-0716-10-55

2016-09-0716-14-33
2016-09-0716-14-33
2016-09-0716-18-09INFOThis is an info message.
2016-09-0716-18-09ERRORThis is an info message.
2016-09-0716-19-59 INFO This is an info message.
2016-09-0716-19-59 ERROR This is an info message.
2016-09-07 16-20-20 INFO This is an info message.
2016-09-07 16-20-20 ERROR This is an info message.
2016-09-07 04-23-57 INFO This is an info message.
2016-09-07 04-23-57 ERROR This is an info message.
2016-09-07 16-25-28 INFO This is an info message.
2016-09-07 16-25-28 ERROR This is an info message.
2016-09-07 16-49-19 INFO This is an info message.
2016-09-07 16-49-19 ERROR This is an info message.
2016-09-07 04-50-21 INFO This is an info message.
2016-09-07 04-50-21 ERROR This is an info message.
2016-09-07 17-21-58 ERROR username or password is incorrect
2016-09-07 17-21-58 INFO user logged in succesfully